  blk_prediction.c
  img_io.c
  img_process.c
  input.c
  io_raw.c
  io_tiff.c
  memalloc.c
  mv_prediction.c
  parsetcommon.c
  transform.c
  win32.c
  annexb.c
  biariencode.c
  block.c
  cabac.c
  cconv_yuv2rgb.c
  configfile.c
  conformance.c
  context_ini.c
  errdo.c
  Generating Code...
  Compiling...
  errdo_mc_prediction.c
  explicit_gop.c
  explicit_seq.c
  filehandle.c
  fmo.c
  header.c
  image.c
  img_chroma.c
  img_distortion.c
  img_dist_ms_ssim.c
  img_dist_snr.c
  img_dist_ssim.c
  img_luma.c
  intra4x4.c
  intra8x8.c
  intrarefresh.c
  leaky_bucket.c
  lencod.c
  list_reorder.c
  loopFilter.c
  Generating Code...
  Compiling...
  macroblock.c
  macroblock_P444.c
  mbuffer.c
  mb_access.c
  mc_prediction.c
  md_common.c
  md_distortion.c
  md_high.c
  md_highfast.c
  md_highloss.c
  md_low.c
  me_distortion.c
  me_epzs.c
  me_epzs_common.c
  me_epzs_int.c
  me_epzs_sub.c
  me_fullfast.c
  me_fullsearch.c
  me_umhex.c
  me_umhexsmp.c
  Generating Code...
  Compiling...
  mmco.c
  mode_decision.c
  mv_search.c
  nal.c
  nalu.c
  nalucommon.c
  output.c
  parset.c
  pred_struct.c
  quant4x4.c
  quant4x4_around.c
  quant4x4_normal.c
  quant4x4_trellis.c
  quant8x8.c
  quant8x8_around.c
  quant8x8_normal.c
  quant8x8_trellis.c
  quantChroma.c
  quantChroma_around.c
  quantChroma_normal.c
  Generating Code...
  Compiling...
  quantChroma_trellis.c
  q_around.c
  q_matrix.c
  q_offsets.c
  ratectl.c
  rc_quadratic.c
  rdopt.c
  rdopt_coding_state.c
  rdoq.c
  rdoq_cabac.c
  rdoq_cavlc.c
  rdpicdecision.c
  rd_intra_jm.c
  rd_intra_jm444.c
  rd_intra_jm_low.c
  rd_pic_coding.c
  report.c
  rtp.c
  sei.c
  slice.c
  Generating Code...
  Compiling...
  symbol.c
  transform8x8.c
  transform8x8_H444.c
  vlc.c
  weighted_prediction.c
  wp_lms.c
  wp_mciter.c
  wp_mcprec.c
  Generating Code...
C:\Program Files\Microsoft Visual Studio\2022\Community\MSBuild\Microsoft\VC\v170\Microsoft.CppBuild.targets(1402,5): warning MSB8012: TargetPath(C:\Users\sameu\Downloads\Proj\jm_16.1_xmltrace_v1.5\jm_16.1\lencod\Release_vc8\lencod.exe) does not match the Linker's OutputFile property value (C:\Users\sameu\Downloads\Proj\jm_16.1_xmltrace_v1.5\jm_16.1\bin\lencod.exe). This may cause your project to build incorrectly. To correct this, please make sure that $(OutDir), $(TargetName) and $(TargetExt) property values match the value specified in %(Link.OutputFile).
  lencod_vc9.vcxproj -> C:\Users\sameu\Downloads\Proj\jm_16.1_xmltrace_v1.5\jm_16.1\lencod\Release_vc8\lencod.exe
