c:\users\sameu\downloads\proj\jm_16.1_xmltrace_v1.5\jm_16.1\lencod\release_vc8\lencod.bsc
c:\users\sameu\downloads\proj\jm_16.1_xmltrace_v1.5\jm_16.1\lencod\release_vc8\vc143.pdb
c:\users\sameu\downloads\proj\jm_16.1_xmltrace_v1.5\jm_16.1\lencod\release_vc8\blk_prediction.sbr
c:\users\sameu\downloads\proj\jm_16.1_xmltrace_v1.5\jm_16.1\lencod\release_vc8\img_io.sbr
c:\users\sameu\downloads\proj\jm_16.1_xmltrace_v1.5\jm_16.1\lencod\release_vc8\img_process.sbr
c:\users\sameu\downloads\proj\jm_16.1_xmltrace_v1.5\jm_16.1\lencod\release_vc8\input.sbr
c:\users\sameu\downloads\proj\jm_16.1_xmltrace_v1.5\jm_16.1\lencod\release_vc8\io_raw.sbr
c:\users\sameu\downloads\proj\jm_16.1_xmltrace_v1.5\jm_16.1\lencod\release_vc8\io_tiff.sbr
c:\users\sameu\downloads\proj\jm_16.1_xmltrace_v1.5\jm_16.1\lencod\release_vc8\memalloc.sbr
c:\users\sameu\downloads\proj\jm_16.1_xmltrace_v1.5\jm_16.1\lencod\release_vc8\mv_prediction.sbr
c:\users\sameu\downloads\proj\jm_16.1_xmltrace_v1.5\jm_16.1\lencod\release_vc8\parsetcommon.sbr
c:\users\sameu\downloads\proj\jm_16.1_xmltrace_v1.5\jm_16.1\lencod\release_vc8\transform.sbr
c:\users\sameu\downloads\proj\jm_16.1_xmltrace_v1.5\jm_16.1\lencod\release_vc8\win32.sbr
c:\users\sameu\downloads\proj\jm_16.1_xmltrace_v1.5\jm_16.1\lencod\release_vc8\annexb.sbr
c:\users\sameu\downloads\proj\jm_16.1_xmltrace_v1.5\jm_16.1\lencod\release_vc8\biariencode.sbr
c:\users\sameu\downloads\proj\jm_16.1_xmltrace_v1.5\jm_16.1\lencod\release_vc8\block.sbr
c:\users\sameu\downloads\proj\jm_16.1_xmltrace_v1.5\jm_16.1\lencod\release_vc8\cabac.sbr
c:\users\sameu\downloads\proj\jm_16.1_xmltrace_v1.5\jm_16.1\lencod\release_vc8\cconv_yuv2rgb.sbr
c:\users\sameu\downloads\proj\jm_16.1_xmltrace_v1.5\jm_16.1\lencod\release_vc8\configfile.sbr
c:\users\sameu\downloads\proj\jm_16.1_xmltrace_v1.5\jm_16.1\lencod\release_vc8\conformance.sbr
c:\users\sameu\downloads\proj\jm_16.1_xmltrace_v1.5\jm_16.1\lencod\release_vc8\context_ini.sbr
c:\users\sameu\downloads\proj\jm_16.1_xmltrace_v1.5\jm_16.1\lencod\release_vc8\errdo.sbr
c:\users\sameu\downloads\proj\jm_16.1_xmltrace_v1.5\jm_16.1\lencod\release_vc8\errdo.obj
c:\users\sameu\downloads\proj\jm_16.1_xmltrace_v1.5\jm_16.1\lencod\release_vc8\context_ini.obj
c:\users\sameu\downloads\proj\jm_16.1_xmltrace_v1.5\jm_16.1\lencod\release_vc8\conformance.obj
c:\users\sameu\downloads\proj\jm_16.1_xmltrace_v1.5\jm_16.1\lencod\release_vc8\configfile.obj
c:\users\sameu\downloads\proj\jm_16.1_xmltrace_v1.5\jm_16.1\lencod\release_vc8\cconv_yuv2rgb.obj
c:\users\sameu\downloads\proj\jm_16.1_xmltrace_v1.5\jm_16.1\lencod\release_vc8\cabac.obj
c:\users\sameu\downloads\proj\jm_16.1_xmltrace_v1.5\jm_16.1\lencod\release_vc8\block.obj
c:\users\sameu\downloads\proj\jm_16.1_xmltrace_v1.5\jm_16.1\lencod\release_vc8\biariencode.obj
c:\users\sameu\downloads\proj\jm_16.1_xmltrace_v1.5\jm_16.1\lencod\release_vc8\annexb.obj
c:\users\sameu\downloads\proj\jm_16.1_xmltrace_v1.5\jm_16.1\lencod\release_vc8\win32.obj
c:\users\sameu\downloads\proj\jm_16.1_xmltrace_v1.5\jm_16.1\lencod\release_vc8\transform.obj
c:\users\sameu\downloads\proj\jm_16.1_xmltrace_v1.5\jm_16.1\lencod\release_vc8\parsetcommon.obj
c:\users\sameu\downloads\proj\jm_16.1_xmltrace_v1.5\jm_16.1\lencod\release_vc8\mv_prediction.obj
c:\users\sameu\downloads\proj\jm_16.1_xmltrace_v1.5\jm_16.1\lencod\release_vc8\memalloc.obj
c:\users\sameu\downloads\proj\jm_16.1_xmltrace_v1.5\jm_16.1\lencod\release_vc8\io_tiff.obj
c:\users\sameu\downloads\proj\jm_16.1_xmltrace_v1.5\jm_16.1\lencod\release_vc8\io_raw.obj
c:\users\sameu\downloads\proj\jm_16.1_xmltrace_v1.5\jm_16.1\lencod\release_vc8\input.obj
c:\users\sameu\downloads\proj\jm_16.1_xmltrace_v1.5\jm_16.1\lencod\release_vc8\img_process.obj
c:\users\sameu\downloads\proj\jm_16.1_xmltrace_v1.5\jm_16.1\lencod\release_vc8\img_io.obj
c:\users\sameu\downloads\proj\jm_16.1_xmltrace_v1.5\jm_16.1\lencod\release_vc8\blk_prediction.obj
c:\users\sameu\downloads\proj\jm_16.1_xmltrace_v1.5\jm_16.1\lencod\release_vc8\errdo_mc_prediction.sbr
c:\users\sameu\downloads\proj\jm_16.1_xmltrace_v1.5\jm_16.1\lencod\release_vc8\explicit_gop.sbr
c:\users\sameu\downloads\proj\jm_16.1_xmltrace_v1.5\jm_16.1\lencod\release_vc8\explicit_seq.sbr
c:\users\sameu\downloads\proj\jm_16.1_xmltrace_v1.5\jm_16.1\lencod\release_vc8\filehandle.sbr
c:\users\sameu\downloads\proj\jm_16.1_xmltrace_v1.5\jm_16.1\lencod\release_vc8\fmo.sbr
c:\users\sameu\downloads\proj\jm_16.1_xmltrace_v1.5\jm_16.1\lencod\release_vc8\header.sbr
c:\users\sameu\downloads\proj\jm_16.1_xmltrace_v1.5\jm_16.1\lencod\release_vc8\image.sbr
c:\users\sameu\downloads\proj\jm_16.1_xmltrace_v1.5\jm_16.1\lencod\release_vc8\img_chroma.sbr
c:\users\sameu\downloads\proj\jm_16.1_xmltrace_v1.5\jm_16.1\lencod\release_vc8\img_distortion.sbr
c:\users\sameu\downloads\proj\jm_16.1_xmltrace_v1.5\jm_16.1\lencod\release_vc8\img_dist_ms_ssim.sbr
c:\users\sameu\downloads\proj\jm_16.1_xmltrace_v1.5\jm_16.1\lencod\release_vc8\img_dist_snr.sbr
c:\users\sameu\downloads\proj\jm_16.1_xmltrace_v1.5\jm_16.1\lencod\release_vc8\img_dist_ssim.sbr
c:\users\sameu\downloads\proj\jm_16.1_xmltrace_v1.5\jm_16.1\lencod\release_vc8\img_luma.sbr
c:\users\sameu\downloads\proj\jm_16.1_xmltrace_v1.5\jm_16.1\lencod\release_vc8\intra4x4.sbr
c:\users\sameu\downloads\proj\jm_16.1_xmltrace_v1.5\jm_16.1\lencod\release_vc8\intra8x8.sbr
c:\users\sameu\downloads\proj\jm_16.1_xmltrace_v1.5\jm_16.1\lencod\release_vc8\intrarefresh.sbr
c:\users\sameu\downloads\proj\jm_16.1_xmltrace_v1.5\jm_16.1\lencod\release_vc8\leaky_bucket.sbr
c:\users\sameu\downloads\proj\jm_16.1_xmltrace_v1.5\jm_16.1\lencod\release_vc8\lencod.sbr
c:\users\sameu\downloads\proj\jm_16.1_xmltrace_v1.5\jm_16.1\lencod\release_vc8\list_reorder.sbr
c:\users\sameu\downloads\proj\jm_16.1_xmltrace_v1.5\jm_16.1\lencod\release_vc8\loopfilter.sbr
c:\users\sameu\downloads\proj\jm_16.1_xmltrace_v1.5\jm_16.1\lencod\release_vc8\loopfilter.obj
c:\users\sameu\downloads\proj\jm_16.1_xmltrace_v1.5\jm_16.1\lencod\release_vc8\list_reorder.obj
c:\users\sameu\downloads\proj\jm_16.1_xmltrace_v1.5\jm_16.1\lencod\release_vc8\lencod.obj
c:\users\sameu\downloads\proj\jm_16.1_xmltrace_v1.5\jm_16.1\lencod\release_vc8\leaky_bucket.obj
c:\users\sameu\downloads\proj\jm_16.1_xmltrace_v1.5\jm_16.1\lencod\release_vc8\intrarefresh.obj
c:\users\sameu\downloads\proj\jm_16.1_xmltrace_v1.5\jm_16.1\lencod\release_vc8\intra8x8.obj
c:\users\sameu\downloads\proj\jm_16.1_xmltrace_v1.5\jm_16.1\lencod\release_vc8\intra4x4.obj
c:\users\sameu\downloads\proj\jm_16.1_xmltrace_v1.5\jm_16.1\lencod\release_vc8\img_luma.obj
c:\users\sameu\downloads\proj\jm_16.1_xmltrace_v1.5\jm_16.1\lencod\release_vc8\img_dist_ssim.obj
c:\users\sameu\downloads\proj\jm_16.1_xmltrace_v1.5\jm_16.1\lencod\release_vc8\img_dist_snr.obj
c:\users\sameu\downloads\proj\jm_16.1_xmltrace_v1.5\jm_16.1\lencod\release_vc8\img_dist_ms_ssim.obj
c:\users\sameu\downloads\proj\jm_16.1_xmltrace_v1.5\jm_16.1\lencod\release_vc8\img_distortion.obj
c:\users\sameu\downloads\proj\jm_16.1_xmltrace_v1.5\jm_16.1\lencod\release_vc8\img_chroma.obj
c:\users\sameu\downloads\proj\jm_16.1_xmltrace_v1.5\jm_16.1\lencod\release_vc8\image.obj
c:\users\sameu\downloads\proj\jm_16.1_xmltrace_v1.5\jm_16.1\lencod\release_vc8\header.obj
c:\users\sameu\downloads\proj\jm_16.1_xmltrace_v1.5\jm_16.1\lencod\release_vc8\fmo.obj
c:\users\sameu\downloads\proj\jm_16.1_xmltrace_v1.5\jm_16.1\lencod\release_vc8\filehandle.obj
c:\users\sameu\downloads\proj\jm_16.1_xmltrace_v1.5\jm_16.1\lencod\release_vc8\explicit_seq.obj
c:\users\sameu\downloads\proj\jm_16.1_xmltrace_v1.5\jm_16.1\lencod\release_vc8\explicit_gop.obj
c:\users\sameu\downloads\proj\jm_16.1_xmltrace_v1.5\jm_16.1\lencod\release_vc8\errdo_mc_prediction.obj
c:\users\sameu\downloads\proj\jm_16.1_xmltrace_v1.5\jm_16.1\lencod\release_vc8\macroblock.sbr
c:\users\sameu\downloads\proj\jm_16.1_xmltrace_v1.5\jm_16.1\lencod\release_vc8\macroblock_p444.sbr
c:\users\sameu\downloads\proj\jm_16.1_xmltrace_v1.5\jm_16.1\lencod\release_vc8\mbuffer.sbr
c:\users\sameu\downloads\proj\jm_16.1_xmltrace_v1.5\jm_16.1\lencod\release_vc8\mb_access.sbr
c:\users\sameu\downloads\proj\jm_16.1_xmltrace_v1.5\jm_16.1\lencod\release_vc8\mc_prediction.sbr
c:\users\sameu\downloads\proj\jm_16.1_xmltrace_v1.5\jm_16.1\lencod\release_vc8\md_common.sbr
c:\users\sameu\downloads\proj\jm_16.1_xmltrace_v1.5\jm_16.1\lencod\release_vc8\md_distortion.sbr
c:\users\sameu\downloads\proj\jm_16.1_xmltrace_v1.5\jm_16.1\lencod\release_vc8\md_high.sbr
c:\users\sameu\downloads\proj\jm_16.1_xmltrace_v1.5\jm_16.1\lencod\release_vc8\md_highfast.sbr
c:\users\sameu\downloads\proj\jm_16.1_xmltrace_v1.5\jm_16.1\lencod\release_vc8\md_highloss.sbr
c:\users\sameu\downloads\proj\jm_16.1_xmltrace_v1.5\jm_16.1\lencod\release_vc8\md_low.sbr
c:\users\sameu\downloads\proj\jm_16.1_xmltrace_v1.5\jm_16.1\lencod\release_vc8\me_distortion.sbr
c:\users\sameu\downloads\proj\jm_16.1_xmltrace_v1.5\jm_16.1\lencod\release_vc8\me_epzs.sbr
c:\users\sameu\downloads\proj\jm_16.1_xmltrace_v1.5\jm_16.1\lencod\release_vc8\me_epzs_common.sbr
c:\users\sameu\downloads\proj\jm_16.1_xmltrace_v1.5\jm_16.1\lencod\release_vc8\me_epzs_int.sbr
c:\users\sameu\downloads\proj\jm_16.1_xmltrace_v1.5\jm_16.1\lencod\release_vc8\me_epzs_sub.sbr
c:\users\sameu\downloads\proj\jm_16.1_xmltrace_v1.5\jm_16.1\lencod\release_vc8\me_fullfast.sbr
c:\users\sameu\downloads\proj\jm_16.1_xmltrace_v1.5\jm_16.1\lencod\release_vc8\me_fullsearch.sbr
c:\users\sameu\downloads\proj\jm_16.1_xmltrace_v1.5\jm_16.1\lencod\release_vc8\me_umhex.sbr
c:\users\sameu\downloads\proj\jm_16.1_xmltrace_v1.5\jm_16.1\lencod\release_vc8\me_umhexsmp.sbr
c:\users\sameu\downloads\proj\jm_16.1_xmltrace_v1.5\jm_16.1\lencod\release_vc8\me_umhexsmp.obj
c:\users\sameu\downloads\proj\jm_16.1_xmltrace_v1.5\jm_16.1\lencod\release_vc8\me_umhex.obj
c:\users\sameu\downloads\proj\jm_16.1_xmltrace_v1.5\jm_16.1\lencod\release_vc8\me_fullsearch.obj
c:\users\sameu\downloads\proj\jm_16.1_xmltrace_v1.5\jm_16.1\lencod\release_vc8\me_fullfast.obj
c:\users\sameu\downloads\proj\jm_16.1_xmltrace_v1.5\jm_16.1\lencod\release_vc8\me_epzs_sub.obj
c:\users\sameu\downloads\proj\jm_16.1_xmltrace_v1.5\jm_16.1\lencod\release_vc8\me_epzs_int.obj
c:\users\sameu\downloads\proj\jm_16.1_xmltrace_v1.5\jm_16.1\lencod\release_vc8\me_epzs_common.obj
c:\users\sameu\downloads\proj\jm_16.1_xmltrace_v1.5\jm_16.1\lencod\release_vc8\me_epzs.obj
c:\users\sameu\downloads\proj\jm_16.1_xmltrace_v1.5\jm_16.1\lencod\release_vc8\me_distortion.obj
c:\users\sameu\downloads\proj\jm_16.1_xmltrace_v1.5\jm_16.1\lencod\release_vc8\md_low.obj
c:\users\sameu\downloads\proj\jm_16.1_xmltrace_v1.5\jm_16.1\lencod\release_vc8\md_highloss.obj
c:\users\sameu\downloads\proj\jm_16.1_xmltrace_v1.5\jm_16.1\lencod\release_vc8\md_highfast.obj
c:\users\sameu\downloads\proj\jm_16.1_xmltrace_v1.5\jm_16.1\lencod\release_vc8\md_high.obj
c:\users\sameu\downloads\proj\jm_16.1_xmltrace_v1.5\jm_16.1\lencod\release_vc8\md_distortion.obj
c:\users\sameu\downloads\proj\jm_16.1_xmltrace_v1.5\jm_16.1\lencod\release_vc8\md_common.obj
c:\users\sameu\downloads\proj\jm_16.1_xmltrace_v1.5\jm_16.1\lencod\release_vc8\mc_prediction.obj
c:\users\sameu\downloads\proj\jm_16.1_xmltrace_v1.5\jm_16.1\lencod\release_vc8\mb_access.obj
c:\users\sameu\downloads\proj\jm_16.1_xmltrace_v1.5\jm_16.1\lencod\release_vc8\mbuffer.obj
c:\users\sameu\downloads\proj\jm_16.1_xmltrace_v1.5\jm_16.1\lencod\release_vc8\macroblock_p444.obj
c:\users\sameu\downloads\proj\jm_16.1_xmltrace_v1.5\jm_16.1\lencod\release_vc8\macroblock.obj
c:\users\sameu\downloads\proj\jm_16.1_xmltrace_v1.5\jm_16.1\lencod\release_vc8\mmco.sbr
c:\users\sameu\downloads\proj\jm_16.1_xmltrace_v1.5\jm_16.1\lencod\release_vc8\mode_decision.sbr
c:\users\sameu\downloads\proj\jm_16.1_xmltrace_v1.5\jm_16.1\lencod\release_vc8\mv_search.sbr
c:\users\sameu\downloads\proj\jm_16.1_xmltrace_v1.5\jm_16.1\lencod\release_vc8\nal.sbr
c:\users\sameu\downloads\proj\jm_16.1_xmltrace_v1.5\jm_16.1\lencod\release_vc8\nalu.sbr
c:\users\sameu\downloads\proj\jm_16.1_xmltrace_v1.5\jm_16.1\lencod\release_vc8\nalucommon.sbr
c:\users\sameu\downloads\proj\jm_16.1_xmltrace_v1.5\jm_16.1\lencod\release_vc8\output.sbr
c:\users\sameu\downloads\proj\jm_16.1_xmltrace_v1.5\jm_16.1\lencod\release_vc8\parset.sbr
c:\users\sameu\downloads\proj\jm_16.1_xmltrace_v1.5\jm_16.1\lencod\release_vc8\pred_struct.sbr
c:\users\sameu\downloads\proj\jm_16.1_xmltrace_v1.5\jm_16.1\lencod\release_vc8\quant4x4.sbr
c:\users\sameu\downloads\proj\jm_16.1_xmltrace_v1.5\jm_16.1\lencod\release_vc8\quant4x4_around.sbr
c:\users\sameu\downloads\proj\jm_16.1_xmltrace_v1.5\jm_16.1\lencod\release_vc8\quant4x4_normal.sbr
c:\users\sameu\downloads\proj\jm_16.1_xmltrace_v1.5\jm_16.1\lencod\release_vc8\quant4x4_trellis.sbr
c:\users\sameu\downloads\proj\jm_16.1_xmltrace_v1.5\jm_16.1\lencod\release_vc8\quant8x8.sbr
c:\users\sameu\downloads\proj\jm_16.1_xmltrace_v1.5\jm_16.1\lencod\release_vc8\quant8x8_around.sbr
c:\users\sameu\downloads\proj\jm_16.1_xmltrace_v1.5\jm_16.1\lencod\release_vc8\quant8x8_normal.sbr
c:\users\sameu\downloads\proj\jm_16.1_xmltrace_v1.5\jm_16.1\lencod\release_vc8\quant8x8_trellis.sbr
c:\users\sameu\downloads\proj\jm_16.1_xmltrace_v1.5\jm_16.1\lencod\release_vc8\quantchroma.sbr
c:\users\sameu\downloads\proj\jm_16.1_xmltrace_v1.5\jm_16.1\lencod\release_vc8\quantchroma_around.sbr
c:\users\sameu\downloads\proj\jm_16.1_xmltrace_v1.5\jm_16.1\lencod\release_vc8\quantchroma_normal.sbr
c:\users\sameu\downloads\proj\jm_16.1_xmltrace_v1.5\jm_16.1\lencod\release_vc8\quantchroma_normal.obj
c:\users\sameu\downloads\proj\jm_16.1_xmltrace_v1.5\jm_16.1\lencod\release_vc8\quantchroma_around.obj
c:\users\sameu\downloads\proj\jm_16.1_xmltrace_v1.5\jm_16.1\lencod\release_vc8\quantchroma.obj
c:\users\sameu\downloads\proj\jm_16.1_xmltrace_v1.5\jm_16.1\lencod\release_vc8\quant8x8_trellis.obj
c:\users\sameu\downloads\proj\jm_16.1_xmltrace_v1.5\jm_16.1\lencod\release_vc8\quant8x8_normal.obj
c:\users\sameu\downloads\proj\jm_16.1_xmltrace_v1.5\jm_16.1\lencod\release_vc8\quant8x8_around.obj
c:\users\sameu\downloads\proj\jm_16.1_xmltrace_v1.5\jm_16.1\lencod\release_vc8\quant8x8.obj
c:\users\sameu\downloads\proj\jm_16.1_xmltrace_v1.5\jm_16.1\lencod\release_vc8\quant4x4_trellis.obj
c:\users\sameu\downloads\proj\jm_16.1_xmltrace_v1.5\jm_16.1\lencod\release_vc8\quant4x4_normal.obj
c:\users\sameu\downloads\proj\jm_16.1_xmltrace_v1.5\jm_16.1\lencod\release_vc8\quant4x4_around.obj
c:\users\sameu\downloads\proj\jm_16.1_xmltrace_v1.5\jm_16.1\lencod\release_vc8\quant4x4.obj
c:\users\sameu\downloads\proj\jm_16.1_xmltrace_v1.5\jm_16.1\lencod\release_vc8\pred_struct.obj
c:\users\sameu\downloads\proj\jm_16.1_xmltrace_v1.5\jm_16.1\lencod\release_vc8\parset.obj
c:\users\sameu\downloads\proj\jm_16.1_xmltrace_v1.5\jm_16.1\lencod\release_vc8\output.obj
c:\users\sameu\downloads\proj\jm_16.1_xmltrace_v1.5\jm_16.1\lencod\release_vc8\nalucommon.obj
c:\users\sameu\downloads\proj\jm_16.1_xmltrace_v1.5\jm_16.1\lencod\release_vc8\nalu.obj
c:\users\sameu\downloads\proj\jm_16.1_xmltrace_v1.5\jm_16.1\lencod\release_vc8\nal.obj
c:\users\sameu\downloads\proj\jm_16.1_xmltrace_v1.5\jm_16.1\lencod\release_vc8\mv_search.obj
c:\users\sameu\downloads\proj\jm_16.1_xmltrace_v1.5\jm_16.1\lencod\release_vc8\mode_decision.obj
c:\users\sameu\downloads\proj\jm_16.1_xmltrace_v1.5\jm_16.1\lencod\release_vc8\mmco.obj
c:\users\sameu\downloads\proj\jm_16.1_xmltrace_v1.5\jm_16.1\lencod\release_vc8\quantchroma_trellis.sbr
c:\users\sameu\downloads\proj\jm_16.1_xmltrace_v1.5\jm_16.1\lencod\release_vc8\q_around.sbr
c:\users\sameu\downloads\proj\jm_16.1_xmltrace_v1.5\jm_16.1\lencod\release_vc8\q_matrix.sbr
c:\users\sameu\downloads\proj\jm_16.1_xmltrace_v1.5\jm_16.1\lencod\release_vc8\q_offsets.sbr
c:\users\sameu\downloads\proj\jm_16.1_xmltrace_v1.5\jm_16.1\lencod\release_vc8\ratectl.sbr
c:\users\sameu\downloads\proj\jm_16.1_xmltrace_v1.5\jm_16.1\lencod\release_vc8\rc_quadratic.sbr
c:\users\sameu\downloads\proj\jm_16.1_xmltrace_v1.5\jm_16.1\lencod\release_vc8\rdopt.sbr
c:\users\sameu\downloads\proj\jm_16.1_xmltrace_v1.5\jm_16.1\lencod\release_vc8\rdopt_coding_state.sbr
c:\users\sameu\downloads\proj\jm_16.1_xmltrace_v1.5\jm_16.1\lencod\release_vc8\rdoq.sbr
c:\users\sameu\downloads\proj\jm_16.1_xmltrace_v1.5\jm_16.1\lencod\release_vc8\rdoq_cabac.sbr
c:\users\sameu\downloads\proj\jm_16.1_xmltrace_v1.5\jm_16.1\lencod\release_vc8\rdoq_cavlc.sbr
c:\users\sameu\downloads\proj\jm_16.1_xmltrace_v1.5\jm_16.1\lencod\release_vc8\rdpicdecision.sbr
c:\users\sameu\downloads\proj\jm_16.1_xmltrace_v1.5\jm_16.1\lencod\release_vc8\rd_intra_jm.sbr
c:\users\sameu\downloads\proj\jm_16.1_xmltrace_v1.5\jm_16.1\lencod\release_vc8\rd_intra_jm444.sbr
c:\users\sameu\downloads\proj\jm_16.1_xmltrace_v1.5\jm_16.1\lencod\release_vc8\rd_intra_jm_low.sbr
c:\users\sameu\downloads\proj\jm_16.1_xmltrace_v1.5\jm_16.1\lencod\release_vc8\rd_pic_coding.sbr
c:\users\sameu\downloads\proj\jm_16.1_xmltrace_v1.5\jm_16.1\lencod\release_vc8\report.sbr
c:\users\sameu\downloads\proj\jm_16.1_xmltrace_v1.5\jm_16.1\lencod\release_vc8\rtp.sbr
c:\users\sameu\downloads\proj\jm_16.1_xmltrace_v1.5\jm_16.1\lencod\release_vc8\sei.sbr
c:\users\sameu\downloads\proj\jm_16.1_xmltrace_v1.5\jm_16.1\lencod\release_vc8\slice.sbr
c:\users\sameu\downloads\proj\jm_16.1_xmltrace_v1.5\jm_16.1\lencod\release_vc8\slice.obj
c:\users\sameu\downloads\proj\jm_16.1_xmltrace_v1.5\jm_16.1\lencod\release_vc8\sei.obj
c:\users\sameu\downloads\proj\jm_16.1_xmltrace_v1.5\jm_16.1\lencod\release_vc8\rtp.obj
c:\users\sameu\downloads\proj\jm_16.1_xmltrace_v1.5\jm_16.1\lencod\release_vc8\report.obj
c:\users\sameu\downloads\proj\jm_16.1_xmltrace_v1.5\jm_16.1\lencod\release_vc8\rd_pic_coding.obj
c:\users\sameu\downloads\proj\jm_16.1_xmltrace_v1.5\jm_16.1\lencod\release_vc8\rd_intra_jm_low.obj
c:\users\sameu\downloads\proj\jm_16.1_xmltrace_v1.5\jm_16.1\lencod\release_vc8\rd_intra_jm444.obj
c:\users\sameu\downloads\proj\jm_16.1_xmltrace_v1.5\jm_16.1\lencod\release_vc8\rd_intra_jm.obj
c:\users\sameu\downloads\proj\jm_16.1_xmltrace_v1.5\jm_16.1\lencod\release_vc8\rdpicdecision.obj
c:\users\sameu\downloads\proj\jm_16.1_xmltrace_v1.5\jm_16.1\lencod\release_vc8\rdoq_cavlc.obj
c:\users\sameu\downloads\proj\jm_16.1_xmltrace_v1.5\jm_16.1\lencod\release_vc8\rdoq_cabac.obj
c:\users\sameu\downloads\proj\jm_16.1_xmltrace_v1.5\jm_16.1\lencod\release_vc8\rdoq.obj
c:\users\sameu\downloads\proj\jm_16.1_xmltrace_v1.5\jm_16.1\lencod\release_vc8\rdopt_coding_state.obj
c:\users\sameu\downloads\proj\jm_16.1_xmltrace_v1.5\jm_16.1\lencod\release_vc8\rdopt.obj
c:\users\sameu\downloads\proj\jm_16.1_xmltrace_v1.5\jm_16.1\lencod\release_vc8\rc_quadratic.obj
c:\users\sameu\downloads\proj\jm_16.1_xmltrace_v1.5\jm_16.1\lencod\release_vc8\ratectl.obj
c:\users\sameu\downloads\proj\jm_16.1_xmltrace_v1.5\jm_16.1\lencod\release_vc8\q_offsets.obj
c:\users\sameu\downloads\proj\jm_16.1_xmltrace_v1.5\jm_16.1\lencod\release_vc8\q_matrix.obj
c:\users\sameu\downloads\proj\jm_16.1_xmltrace_v1.5\jm_16.1\lencod\release_vc8\q_around.obj
c:\users\sameu\downloads\proj\jm_16.1_xmltrace_v1.5\jm_16.1\lencod\release_vc8\quantchroma_trellis.obj
c:\users\sameu\downloads\proj\jm_16.1_xmltrace_v1.5\jm_16.1\lencod\release_vc8\symbol.sbr
c:\users\sameu\downloads\proj\jm_16.1_xmltrace_v1.5\jm_16.1\lencod\release_vc8\transform8x8.sbr
c:\users\sameu\downloads\proj\jm_16.1_xmltrace_v1.5\jm_16.1\lencod\release_vc8\transform8x8_h444.sbr
c:\users\sameu\downloads\proj\jm_16.1_xmltrace_v1.5\jm_16.1\lencod\release_vc8\vlc.sbr
c:\users\sameu\downloads\proj\jm_16.1_xmltrace_v1.5\jm_16.1\lencod\release_vc8\weighted_prediction.sbr
c:\users\sameu\downloads\proj\jm_16.1_xmltrace_v1.5\jm_16.1\lencod\release_vc8\wp_lms.sbr
c:\users\sameu\downloads\proj\jm_16.1_xmltrace_v1.5\jm_16.1\lencod\release_vc8\wp_mciter.sbr
c:\users\sameu\downloads\proj\jm_16.1_xmltrace_v1.5\jm_16.1\lencod\release_vc8\wp_mcprec.sbr
c:\users\sameu\downloads\proj\jm_16.1_xmltrace_v1.5\jm_16.1\lencod\release_vc8\wp_mcprec.obj
c:\users\sameu\downloads\proj\jm_16.1_xmltrace_v1.5\jm_16.1\lencod\release_vc8\wp_mciter.obj
c:\users\sameu\downloads\proj\jm_16.1_xmltrace_v1.5\jm_16.1\lencod\release_vc8\wp_lms.obj
c:\users\sameu\downloads\proj\jm_16.1_xmltrace_v1.5\jm_16.1\lencod\release_vc8\weighted_prediction.obj
c:\users\sameu\downloads\proj\jm_16.1_xmltrace_v1.5\jm_16.1\lencod\release_vc8\vlc.obj
c:\users\sameu\downloads\proj\jm_16.1_xmltrace_v1.5\jm_16.1\lencod\release_vc8\transform8x8_h444.obj
c:\users\sameu\downloads\proj\jm_16.1_xmltrace_v1.5\jm_16.1\lencod\release_vc8\transform8x8.obj
c:\users\sameu\downloads\proj\jm_16.1_xmltrace_v1.5\jm_16.1\lencod\release_vc8\symbol.obj
c:\users\sameu\downloads\proj\jm_16.1_xmltrace_v1.5\jm_16.1\bin\lencod.exe
c:\users\sameu\downloads\proj\jm_16.1_xmltrace_v1.5\jm_16.1\lencod\release_vc8\lencod.pdb
c:\users\sameu\downloads\proj\jm_16.1_xmltrace_v1.5\jm_16.1\lencod\release_vc8\lencod.tlog\bscmake.command.1.tlog
c:\users\sameu\downloads\proj\jm_16.1_xmltrace_v1.5\jm_16.1\lencod\release_vc8\lencod.tlog\bscmake.read.1.tlog
c:\users\sameu\downloads\proj\jm_16.1_xmltrace_v1.5\jm_16.1\lencod\release_vc8\lencod.tlog\bscmake.write.1.tlog
c:\users\sameu\downloads\proj\jm_16.1_xmltrace_v1.5\jm_16.1\lencod\release_vc8\lencod.tlog\cl.command.1.tlog
c:\users\sameu\downloads\proj\jm_16.1_xmltrace_v1.5\jm_16.1\lencod\release_vc8\lencod.tlog\cl.items.tlog
c:\users\sameu\downloads\proj\jm_16.1_xmltrace_v1.5\jm_16.1\lencod\release_vc8\lencod.tlog\cl.read.1.tlog
c:\users\sameu\downloads\proj\jm_16.1_xmltrace_v1.5\jm_16.1\lencod\release_vc8\lencod.tlog\cl.write.1.tlog
c:\users\sameu\downloads\proj\jm_16.1_xmltrace_v1.5\jm_16.1\lencod\release_vc8\lencod.tlog\link.command.1.tlog
c:\users\sameu\downloads\proj\jm_16.1_xmltrace_v1.5\jm_16.1\lencod\release_vc8\lencod.tlog\link.read.1.tlog
c:\users\sameu\downloads\proj\jm_16.1_xmltrace_v1.5\jm_16.1\lencod\release_vc8\lencod.tlog\link.secondary.1.tlog
c:\users\sameu\downloads\proj\jm_16.1_xmltrace_v1.5\jm_16.1\lencod\release_vc8\lencod.tlog\link.write.1.tlog
