c:\users\sameu\downloads\proj\jm_16.1_xmltrace_v1.5\jm_16.1\ldecod\release_vc8\annexb.obj
c:\users\sameu\downloads\proj\jm_16.1_xmltrace_v1.5\jm_16.1\ldecod\release_vc8\biaridecod.obj
c:\users\sameu\downloads\proj\jm_16.1_xmltrace_v1.5\jm_16.1\ldecod\release_vc8\blk_prediction.obj
c:\users\sameu\downloads\proj\jm_16.1_xmltrace_v1.5\jm_16.1\ldecod\release_vc8\block.obj
c:\users\sameu\downloads\proj\jm_16.1_xmltrace_v1.5\jm_16.1\ldecod\release_vc8\cabac.obj
c:\users\sameu\downloads\proj\jm_16.1_xmltrace_v1.5\jm_16.1\ldecod\release_vc8\context_ini.obj
c:\users\sameu\downloads\proj\jm_16.1_xmltrace_v1.5\jm_16.1\ldecod\release_vc8\erc_api.obj
c:\users\sameu\downloads\proj\jm_16.1_xmltrace_v1.5\jm_16.1\ldecod\release_vc8\erc_do_i.obj
c:\users\sameu\downloads\proj\jm_16.1_xmltrace_v1.5\jm_16.1\ldecod\release_vc8\erc_do_p.obj
c:\users\sameu\downloads\proj\jm_16.1_xmltrace_v1.5\jm_16.1\ldecod\release_vc8\errorconcealment.obj
c:\users\sameu\downloads\proj\jm_16.1_xmltrace_v1.5\jm_16.1\ldecod\release_vc8\filehandle.obj
c:\users\sameu\downloads\proj\jm_16.1_xmltrace_v1.5\jm_16.1\ldecod\release_vc8\fmo.obj
c:\users\sameu\downloads\proj\jm_16.1_xmltrace_v1.5\jm_16.1\ldecod\release_vc8\header.obj
c:\users\sameu\downloads\proj\jm_16.1_xmltrace_v1.5\jm_16.1\ldecod\release_vc8\image.obj
c:\users\sameu\downloads\proj\jm_16.1_xmltrace_v1.5\jm_16.1\ldecod\release_vc8\img_io.obj
c:\users\sameu\downloads\proj\jm_16.1_xmltrace_v1.5\jm_16.1\ldecod\release_vc8\img_process.obj
c:\users\sameu\downloads\proj\jm_16.1_xmltrace_v1.5\jm_16.1\ldecod\release_vc8\input.obj
c:\users\sameu\downloads\proj\jm_16.1_xmltrace_v1.5\jm_16.1\ldecod\release_vc8\intra16x16_pred.obj
c:\users\sameu\downloads\proj\jm_16.1_xmltrace_v1.5\jm_16.1\ldecod\release_vc8\intra4x4_pred.obj
c:\users\sameu\downloads\proj\jm_16.1_xmltrace_v1.5\jm_16.1\ldecod\release_vc8\intra8x8_pred.obj
c:\users\sameu\downloads\proj\jm_16.1_xmltrace_v1.5\jm_16.1\ldecod\release_vc8\intra_chroma_pred.obj
c:\users\sameu\downloads\proj\jm_16.1_xmltrace_v1.5\jm_16.1\ldecod\release_vc8\io_raw.obj
c:\users\sameu\downloads\proj\jm_16.1_xmltrace_v1.5\jm_16.1\ldecod\release_vc8\io_tiff.obj
c:\users\sameu\downloads\proj\jm_16.1_xmltrace_v1.5\jm_16.1\ldecod\release_vc8\ldecod.obj
c:\users\sameu\downloads\proj\jm_16.1_xmltrace_v1.5\jm_16.1\ldecod\release_vc8\leaky_bucket.obj
c:\users\sameu\downloads\proj\jm_16.1_xmltrace_v1.5\jm_16.1\ldecod\release_vc8\loopfilter.obj
c:\users\sameu\downloads\proj\jm_16.1_xmltrace_v1.5\jm_16.1\ldecod\release_vc8\macroblock.obj
c:\users\sameu\downloads\proj\jm_16.1_xmltrace_v1.5\jm_16.1\ldecod\release_vc8\mb_access.obj
c:\users\sameu\downloads\proj\jm_16.1_xmltrace_v1.5\jm_16.1\ldecod\release_vc8\mb_prediction.obj
c:\users\sameu\downloads\proj\jm_16.1_xmltrace_v1.5\jm_16.1\ldecod\release_vc8\mc_prediction.obj
c:\users\sameu\downloads\proj\jm_16.1_xmltrace_v1.5\jm_16.1\ldecod\release_vc8\memalloc.obj
c:\users\sameu\downloads\proj\jm_16.1_xmltrace_v1.5\jm_16.1\ldecod\release_vc8\mv_prediction.obj
c:\users\sameu\downloads\proj\jm_16.1_xmltrace_v1.5\jm_16.1\ldecod\release_vc8\nal.obj
c:\users\sameu\downloads\proj\jm_16.1_xmltrace_v1.5\jm_16.1\ldecod\release_vc8\nalu.obj
c:\users\sameu\downloads\proj\jm_16.1_xmltrace_v1.5\jm_16.1\ldecod\release_vc8\nalucommon.obj
c:\users\sameu\downloads\proj\jm_16.1_xmltrace_v1.5\jm_16.1\ldecod\release_vc8\output.obj
c:\users\sameu\downloads\proj\jm_16.1_xmltrace_v1.5\jm_16.1\ldecod\release_vc8\parset.obj
c:\users\sameu\downloads\proj\jm_16.1_xmltrace_v1.5\jm_16.1\ldecod\release_vc8\parsetcommon.obj
c:\users\sameu\downloads\proj\jm_16.1_xmltrace_v1.5\jm_16.1\ldecod\release_vc8\quant.obj
c:\users\sameu\downloads\proj\jm_16.1_xmltrace_v1.5\jm_16.1\ldecod\release_vc8\rtp.obj
c:\users\sameu\downloads\proj\jm_16.1_xmltrace_v1.5\jm_16.1\ldecod\release_vc8\sei.obj
c:\users\sameu\downloads\proj\jm_16.1_xmltrace_v1.5\jm_16.1\ldecod\release_vc8\tracehelper.obj
c:\users\sameu\downloads\proj\jm_16.1_xmltrace_v1.5\jm_16.1\ldecod\release_vc8\transform.obj
c:\users\sameu\downloads\proj\jm_16.1_xmltrace_v1.5\jm_16.1\ldecod\release_vc8\transform8x8.obj
c:\users\sameu\downloads\proj\jm_16.1_xmltrace_v1.5\jm_16.1\ldecod\release_vc8\vlc.obj
c:\users\sameu\downloads\proj\jm_16.1_xmltrace_v1.5\jm_16.1\ldecod\release_vc8\win32.obj
c:\users\sameu\downloads\proj\jm_16.1_xmltrace_v1.5\jm_16.1\ldecod\release_vc8\xmltracefile.obj
c:\users\sameu\downloads\proj\jm_16.1_xmltrace_v1.5\jm_16.1\ldecod\release_vc8\vc143.pdb
c:\users\sameu\downloads\proj\jm_16.1_xmltrace_v1.5\jm_16.1\ldecod\release_vc8\annexb.sbr
c:\users\sameu\downloads\proj\jm_16.1_xmltrace_v1.5\jm_16.1\ldecod\release_vc8\biaridecod.sbr
c:\users\sameu\downloads\proj\jm_16.1_xmltrace_v1.5\jm_16.1\ldecod\release_vc8\blk_prediction.sbr
c:\users\sameu\downloads\proj\jm_16.1_xmltrace_v1.5\jm_16.1\ldecod\release_vc8\block.sbr
c:\users\sameu\downloads\proj\jm_16.1_xmltrace_v1.5\jm_16.1\ldecod\release_vc8\cabac.sbr
c:\users\sameu\downloads\proj\jm_16.1_xmltrace_v1.5\jm_16.1\ldecod\release_vc8\context_ini.sbr
c:\users\sameu\downloads\proj\jm_16.1_xmltrace_v1.5\jm_16.1\ldecod\release_vc8\erc_api.sbr
c:\users\sameu\downloads\proj\jm_16.1_xmltrace_v1.5\jm_16.1\ldecod\release_vc8\erc_do_i.sbr
c:\users\sameu\downloads\proj\jm_16.1_xmltrace_v1.5\jm_16.1\ldecod\release_vc8\erc_do_p.sbr
c:\users\sameu\downloads\proj\jm_16.1_xmltrace_v1.5\jm_16.1\ldecod\release_vc8\errorconcealment.sbr
c:\users\sameu\downloads\proj\jm_16.1_xmltrace_v1.5\jm_16.1\ldecod\release_vc8\filehandle.sbr
c:\users\sameu\downloads\proj\jm_16.1_xmltrace_v1.5\jm_16.1\ldecod\release_vc8\fmo.sbr
c:\users\sameu\downloads\proj\jm_16.1_xmltrace_v1.5\jm_16.1\ldecod\release_vc8\header.sbr
c:\users\sameu\downloads\proj\jm_16.1_xmltrace_v1.5\jm_16.1\ldecod\release_vc8\image.sbr
c:\users\sameu\downloads\proj\jm_16.1_xmltrace_v1.5\jm_16.1\ldecod\release_vc8\img_io.sbr
c:\users\sameu\downloads\proj\jm_16.1_xmltrace_v1.5\jm_16.1\ldecod\release_vc8\img_process.sbr
c:\users\sameu\downloads\proj\jm_16.1_xmltrace_v1.5\jm_16.1\ldecod\release_vc8\input.sbr
c:\users\sameu\downloads\proj\jm_16.1_xmltrace_v1.5\jm_16.1\ldecod\release_vc8\intra16x16_pred.sbr
c:\users\sameu\downloads\proj\jm_16.1_xmltrace_v1.5\jm_16.1\ldecod\release_vc8\intra4x4_pred.sbr
c:\users\sameu\downloads\proj\jm_16.1_xmltrace_v1.5\jm_16.1\ldecod\release_vc8\intra8x8_pred.sbr
c:\users\sameu\downloads\proj\jm_16.1_xmltrace_v1.5\jm_16.1\ldecod\release_vc8\intra_chroma_pred.sbr
c:\users\sameu\downloads\proj\jm_16.1_xmltrace_v1.5\jm_16.1\ldecod\release_vc8\io_raw.sbr
c:\users\sameu\downloads\proj\jm_16.1_xmltrace_v1.5\jm_16.1\ldecod\release_vc8\io_tiff.sbr
c:\users\sameu\downloads\proj\jm_16.1_xmltrace_v1.5\jm_16.1\ldecod\release_vc8\ldecod.sbr
c:\users\sameu\downloads\proj\jm_16.1_xmltrace_v1.5\jm_16.1\ldecod\release_vc8\leaky_bucket.sbr
c:\users\sameu\downloads\proj\jm_16.1_xmltrace_v1.5\jm_16.1\ldecod\release_vc8\loopfilter.sbr
c:\users\sameu\downloads\proj\jm_16.1_xmltrace_v1.5\jm_16.1\ldecod\release_vc8\macroblock.sbr
c:\users\sameu\downloads\proj\jm_16.1_xmltrace_v1.5\jm_16.1\ldecod\release_vc8\mbuffer.sbr
c:\users\sameu\downloads\proj\jm_16.1_xmltrace_v1.5\jm_16.1\ldecod\release_vc8\mb_access.sbr
c:\users\sameu\downloads\proj\jm_16.1_xmltrace_v1.5\jm_16.1\ldecod\release_vc8\mb_prediction.sbr
c:\users\sameu\downloads\proj\jm_16.1_xmltrace_v1.5\jm_16.1\ldecod\release_vc8\mc_prediction.sbr
c:\users\sameu\downloads\proj\jm_16.1_xmltrace_v1.5\jm_16.1\ldecod\release_vc8\memalloc.sbr
c:\users\sameu\downloads\proj\jm_16.1_xmltrace_v1.5\jm_16.1\ldecod\release_vc8\mv_prediction.sbr
c:\users\sameu\downloads\proj\jm_16.1_xmltrace_v1.5\jm_16.1\ldecod\release_vc8\nal.sbr
c:\users\sameu\downloads\proj\jm_16.1_xmltrace_v1.5\jm_16.1\ldecod\release_vc8\nalu.sbr
c:\users\sameu\downloads\proj\jm_16.1_xmltrace_v1.5\jm_16.1\ldecod\release_vc8\nalucommon.sbr
c:\users\sameu\downloads\proj\jm_16.1_xmltrace_v1.5\jm_16.1\ldecod\release_vc8\output.sbr
c:\users\sameu\downloads\proj\jm_16.1_xmltrace_v1.5\jm_16.1\ldecod\release_vc8\parset.sbr
c:\users\sameu\downloads\proj\jm_16.1_xmltrace_v1.5\jm_16.1\ldecod\release_vc8\parsetcommon.sbr
c:\users\sameu\downloads\proj\jm_16.1_xmltrace_v1.5\jm_16.1\ldecod\release_vc8\quant.sbr
c:\users\sameu\downloads\proj\jm_16.1_xmltrace_v1.5\jm_16.1\ldecod\release_vc8\rtp.sbr
c:\users\sameu\downloads\proj\jm_16.1_xmltrace_v1.5\jm_16.1\ldecod\release_vc8\sei.sbr
c:\users\sameu\downloads\proj\jm_16.1_xmltrace_v1.5\jm_16.1\ldecod\release_vc8\tracehelper.sbr
c:\users\sameu\downloads\proj\jm_16.1_xmltrace_v1.5\jm_16.1\ldecod\release_vc8\transform.sbr
c:\users\sameu\downloads\proj\jm_16.1_xmltrace_v1.5\jm_16.1\ldecod\release_vc8\transform8x8.sbr
c:\users\sameu\downloads\proj\jm_16.1_xmltrace_v1.5\jm_16.1\ldecod\release_vc8\vlc.sbr
c:\users\sameu\downloads\proj\jm_16.1_xmltrace_v1.5\jm_16.1\ldecod\release_vc8\win32.sbr
c:\users\sameu\downloads\proj\jm_16.1_xmltrace_v1.5\jm_16.1\ldecod\release_vc8\xmltracefile.sbr
c:\users\sameu\downloads\proj\jm_16.1_xmltrace_v1.5\jm_16.1\ldecod\release_vc8\ldecod.tlog\cl.command.1.tlog
